<?xml version="1.0" encoding="UTF-8"?>
<testng-results skipped="0" failed="0" ignored="0" total="1" passed="1">
  <reporter-output>
  </reporter-output>
  <suite name="Suite" duration-ms="22110" started-at="2020-07-25T06:45:43 IST" finished-at="2020-07-25T06:46:05 IST">
    <groups>
    </groups>
    <test name="searchProduct_And_Validate" duration-ms="22110" started-at="2020-07-25T06:45:43 IST" finished-at="2020-07-25T06:46:05 IST">
      <class name="ecomPackage.AutomationProject">
        <test-method status="PASS" signature="setUP()[pri:0, instance:ecomPackage.AutomationProject@6c49835d]" name="setUP" is-config="true" duration-ms="18495" started-at="2020-07-25T06:45:43 IST" finished-at="2020-07-25T06:46:01 IST">
          <reporter-output>
          </reporter-output>
        </test-method> <!-- setUP -->
        <test-method status="PASS" signature="searchProduct_And_Validate()[pri:0, instance:ecomPackage.AutomationProject@6c49835d]" name="searchProduct_And_Validate" duration-ms="2481" started-at="2020-07-25T06:46:01 IST" finished-at="2020-07-25T06:46:04 IST">
          <reporter-output>
          </reporter-output>
        </test-method> <!-- searchProduct_And_Validate -->
        <test-method status="PASS" signature="tearDown()[pri:0, instance:ecomPackage.AutomationProject@6c49835d]" name="tearDown" is-config="true" duration-ms="1039" started-at="2020-07-25T06:46:04 IST" finished-at="2020-07-25T06:46:05 IST">
          <reporter-output>
          </reporter-output>
        </test-method> <!-- tearDown -->
      </class> <!-- ecomPackage.AutomationProject -->
    </test> <!-- searchProduct_And_Validate -->
  </suite> <!-- Suite -->
</testng-results>
